H:\ASSIGNMENTS\AI\PATHFINDING\SOURCE\PATHFINDING\RELEASE\HELPER.OBJ
H:\ASSIGNMENTS\AI\PATHFINDING\SOURCE\PATHFINDING\RELEASE\SCENE.OBJ
H:\ASSIGNMENTS\AI\PATHFINDING\SOURCE\PATHFINDING\RELEASE\PLAYER.OBJ
H:\ASSIGNMENTS\AI\PATHFINDING\SOURCE\PATHFINDING\RELEASE\NODE.OBJ
H:\ASSIGNMENTS\AI\PATHFINDING\SOURCE\PATHFINDING\RELEASE\MAIN.OBJ
H:\ASSIGNMENTS\AI\PATHFINDING\SOURCE\PATHFINDING\RELEASE\FINDER.OBJ
H:\ASSIGNMENTS\AI\PATHFINDING\SOURCE\PATHFINDING\RELEASE\CURSOR.OBJ
H:\ASSIGNMENTS\AI\PATHFINDING\SOURCE\PATHFINDING\RELEASE\VC110.PDB
H:\ASSIGNMENTS\AI\PATHFINDING\SOURCE\RELEASE\PATHFINDING.EXE
H:\ASSIGNMENTS\AI\PATHFINDING\SOURCE\RELEASE\PATHFINDING.PDB
H:\Assignments\AI\PathFinding\Source\PathFinding\Release\Helper.obj
H:\Assignments\AI\PathFinding\Source\PathFinding\Release\Scene.obj
H:\Assignments\AI\PathFinding\Source\PathFinding\Release\Player.obj
H:\Assignments\AI\PathFinding\Source\PathFinding\Release\Node.obj
H:\Assignments\AI\PathFinding\Source\PathFinding\Release\Main.obj
H:\Assignments\AI\PathFinding\Source\PathFinding\Release\Finder.obj
H:\Assignments\AI\PathFinding\Source\PathFinding\Release\Cursor.obj
H:\Assignments\AI\PathFinding\Source\PathFinding\Release\CL.read.1.tlog
H:\Assignments\AI\PathFinding\Source\PathFinding\Release\CL.write.1.tlog
H:\Assignments\AI\PathFinding\Source\PathFinding\Release\cl.command.1.tlog
H:\Assignments\AI\PathFinding\Source\PathFinding\Release\link-rc.read.1.tlog
H:\Assignments\AI\PathFinding\Source\PathFinding\Release\link-rc.write.1.tlog
H:\Assignments\AI\PathFinding\Source\PathFinding\Release\link-cvtres.read.1.tlog
H:\Assignments\AI\PathFinding\Source\PathFinding\Release\link-cvtres.write.1.tlog
H:\Assignments\AI\PathFinding\Source\PathFinding\Release\link.read.1.tlog
H:\Assignments\AI\PathFinding\Source\PathFinding\Release\link.write.1.tlog
H:\Assignments\AI\PathFinding\Source\PathFinding\Release\link.command.1.tlog
H:\Assignments\AI\PathFinding\Source\PathFinding\Release\vc110.pdb
H:\Assignments\AI\PathFinding\Source\Release\PathFinding.pdb
H:\Assignments\AI\PathFinding\Source\Release\PathFinding.exe
